INFO:hf.gridengine.envreader Grid Engine is enabled!
INFO:hf.gridengine.envreader grid config: x509.user.key = [/var/lib/HappyFace/cert/userkey.pem]
INFO:hf.gridengine.envreader grid config: proxy.renew.enabled = [True]
INFO:hf.gridengine.envreader grid config: x509.user.proxy = [/var/lib/HappyFace/cert/x509up_happyface]
INFO:hf.gridengine.envreader grid config: proxy.valid.hours = [100]
INFO:hf.gridengine.envreader grid config: x509.user.cert = [/var/lib/HappyFace/cert/usercert.pem]
INFO:hf.gridengine.envreader grid config: proxy.voms.hours = [100]
INFO:hf.gridengine.envreader grid config: voms.enabled = [True]
INFO:hf.gridengine.envreader grid config: proxy.lifetime.threshold.hours = [1]
INFO:hf.gridengine.envreader grid config: x509.cert.dir = [/etc/grid-security/certificates]
INFO:hf.gridengine.envreader grid config: vo = [atlas]
INFO:hf.gridengine.envreader CVMFS is enabled!
INFO:hf.gridengine.envreader cvmfs config: fax = [False]
INFO:hf.gridengine.envreader cvmfs config: atlantis = [False]
INFO:hf.gridengine.envreader cvmfs config: pyami = [False]
INFO:hf.gridengine.envreader cvmfs config: dq2.client = [False]
INFO:hf.gridengine.envreader cvmfs config: pacman = [False]
INFO:hf.gridengine.envreader cvmfs config: panda.client = [False]
INFO:hf.gridengine.envreader cvmfs config: emi = [True]
INFO:hf.gridengine.envreader cvmfs config: gcc = [False]
INFO:hf.gridengine.envreader cvmfs config: agis = [False]
INFO:hf.gridengine.envreader cvmfs config: xrootd = [False]
INFO:hf.gridengine.envreader cvmfs config: ganga = [False]
INFO:hf.gridengine.envreader cvmfs config: rucio.account = [HappyFace]
INFO:hf.gridengine.envreader cvmfs config: pod = [False]
INFO:hf.gridengine.envreader cvmfs config: root = [False]
INFO:hf.gridengine.envreader cvmfs config: sft = [False]
INFO:hf.gridengine.envreader cvmfs config: dq2wrappers = [False]
INFO:hf.gridtoolkit.ProxyCertificateHandler Proxy certificate is still valid!
INFO:__main__ Prepare data acquisition
INFO:__main__ Prepare category GridFTP...
INFO:__main__ Download files...
INFO:__main__ Download done
INFO:__main__ Acquire data and fill database
INFO:__main__ Acquire in category GridFTP...
