
*** Welcome to Ganga ***
Version: Ganga-6-0-43
Documentation and support: http://cern.ch/ganga
Type help() or help('index') for online help.

This is free software (GPL), and you are welcome to redistribute it
under certain conditions; type license() for details.


[0;0mGanga.Utility.Config               : INFO     reading config file /cvmfs/atlas.cern.ch/repo/ATLASLocalRootBase/x86_64/Ganga/6.0.43/install/6.0.43/python/GangaAtlas/Atlas.ini[0;0m
[0;0mGanga.Utility.Config               : INFO     reading config file /var/lib/HappyFace3/.gangarc[0;0m
[0;33mGanga.Utility                      : WARNING  Configuration of EDG for LCG: [0;0m
[0;33mGanga.Utility                      : WARNING  File not found: /afs/cern.ch/sw/ganga/install/config/grid_env_auto.sh[0;0m
[0;33mGanga.Utility                      : WARNING  Configuration of EDG for LCG: [0;0m
[0;33mGanga.Utility                      : WARNING  File not found: /afs/cern.ch/sw/ganga/install/config/grid_env_auto.sh[0;0m
[0;33mGanga.Utility.logging              : WARNING  ---------- error in user/extension code ----------[0;0m
[0;33mGanga.Utility.logging              : WARNING  Traceback (most recent call last):[0;0m
[0;33mGanga.Utility.logging              : WARNING    File "/cvmfs/atlas.cern.ch/repo/ATLASLocalRootBase/x86_64/Ganga/6.0.43/install/6.0.43/python/Ganga/Runtime/bootstrap.py", line 823, in bootstrap[0;0m
[0;33mGanga.Utility.logging              : WARNING      r.loadPlugins()[0;0m
[0;33mGanga.Utility.logging              : WARNING    File "/cvmfs/atlas.cern.ch/repo/ATLASLocalRootBase/x86_64/Ganga/6.0.43/install/6.0.43/python/Ganga/Utility/Runtime.py", line 157, in loadPlugins[0;0m
[0;33mGanga.Utility.logging              : WARNING      if g: g(self.config)[0;0m
[0;33mGanga.Utility.logging              : WARNING    File "/cvmfs/atlas.cern.ch/repo/ATLASLocalRootBase/x86_64/Ganga/6.0.43/install/6.0.43/python/GangaAtlas/__init__.py", line 114, in loadPlugins[0;0m
[0;33mGanga.Utility.logging              : WARNING      import Lib.Athena[0;0m
[0;33mGanga.Utility.logging              : WARNING    File "/cvmfs/atlas.cern.ch/repo/ATLASLocalRootBase/x86_64/Ganga/6.0.43/install/6.0.43/python/GangaAtlas/Lib/__init__.py", line 3, in <module>[0;0m
[0;33mGanga.Utility.logging              : WARNING      from ATLASDataset import *[0;0m
[0;33mGanga.Utility.logging              : WARNING    File "/cvmfs/atlas.cern.ch/repo/ATLASLocalRootBase/x86_64/Ganga/6.0.43/install/6.0.43/python/GangaAtlas/Lib/ATLASDataset/__init__.py", line 3, in <module>[0;0m
[0;33mGanga.Utility.logging              : WARNING      from DQ2Dataset import *[0;0m
[0;33mGanga.Utility.logging              : WARNING    File "/cvmfs/atlas.cern.ch/repo/ATLASLocalRootBase/x86_64/Ganga/6.0.43/install/6.0.43/python/GangaAtlas/Lib/ATLASDataset/DQ2Dataset.py", line 2113, in <module>[0;0m
[0;33mGanga.Utility.logging              : WARNING      nickname = getNickname(allowMissingNickname=False)[0;0m
[0;33mGanga.Utility.logging              : WARNING    File "/cvmfs/atlas.cern.ch/repo/ATLASLocalRootBase/x86_64/Ganga/6.0.43/install/6.0.43/python/GangaAtlas/Lib/Credentials/ProxyHelper.py", line 12, in getNickname[0;0m
[0;33mGanga.Utility.logging              : WARNING      output = gridProxy.info(opt = '-all')[0;0m
[0;33mGanga.Utility.logging              : WARNING    File "/cvmfs/atlas.cern.ch/repo/ATLASLocalRootBase/x86_64/Ganga/6.0.43/install/6.0.43/python/Ganga/GPIDev/Credentials/GridProxy.py", line 370, in info[0;0m
[0;33mGanga.Utility.logging              : WARNING      status, output, message = self.shell.cmd1\[0;0m
[0;33mGanga.Utility.logging              : WARNING  AttributeError: 'NoneType' object has no attribute 'cmd1'[0;0m
[0;33mGanga.Utility.logging              : WARNING  --------------------------------------------------[0;0m
[0;31mGanga.Runtime.bootstrap            : ERROR    problems with loading plugins for GangaAtlas -- ignored[0;0m

For help visit the ATLAS Distributed Analysis Help eGroup:
  https://groups.cern.ch/group/hn-atlas-dist-analysis-help/

[0;31mGanga.Utility.Config               : ERROR    unknown configuration section: [defaults_DQ2SandboxCache][0;0m
[0;31mGanga.Utility.Config               : ERROR    unknown configuration section: [defaults_Athena][0;0m
[0;31mGanga.Utility.Config               : ERROR    unknown configuration section: [defaults_AtlasLCGRequirements][0;0m
[0;0mGanga.ReleaseNotes                 : INFO     --------------------------------------------------[0;0m
[0;0mGanga.ReleaseNotes                 : INFO     --------------------------------------------------[0;0m
[0;0mGanga.ReleaseNotes                 : INFO     Release notes for version 'Ganga-6.0.43':[0;0m
[0;0mGanga.ReleaseNotes                 : INFO     --------------------------------------------------[0;0m
[0;0mGanga.ReleaseNotes                 : INFO     [0;0m
[0;0mGanga.ReleaseNotes                 : INFO     --------------------------------------------------[0;0m
[0;0mGanga.ReleaseNotes                 : INFO     ganga/python/Ganga[0;0m
[0;0mGanga.ReleaseNotes                 : INFO     --------------------------------------------------[0;0m
[0;0mGanga.ReleaseNotes                 : INFO     [0;0m
[0;0mGanga.ReleaseNotes                 : INFO     * Fixing issue with Ganga on Hammercloud[0;0m
[0;0mGanga.ReleaseNotes                 : INFO     * Merging queues with Core[0;0m
[0;0mGanga.ReleaseNotes                 : INFO     * Catching more exceptions[0;0m
[0;0mGanga.ReleaseNotes                 : INFO     [0;0m
[0;0mGanga.ReleaseNotes                 : INFO     --------------------------------------------------[0;0m
[0;0mGanga.ReleaseNotes                 : INFO     ganga/python/GangaAtlas[0;0m
[0;0mGanga.ReleaseNotes                 : INFO     --------------------------------------------------[0;0m
[0;0mGanga.ReleaseNotes                 : INFO     [0;0m
[0;0mGanga.ReleaseNotes                 : INFO     * Remove dq2_lock in DQ2Dataset to allow threaded submission[0;0m
[0;0mGanga.ReleaseNotes                 : INFO     * Set the trf.file_per_job value to something that can be ignored if not given[0;0m
[0;0mGanga.ReleaseNotes                 : INFO     [0;0m
[0;0mGanga.ReleaseNotes                 : INFO     --------------------------------------------------[0;0m
[0;0mGanga.ReleaseNotes                 : INFO     --------------------------------------------------[0;0m
[0;0mGanga.ConfigUpdater                : INFO     It appears that this is the first time you have run Ganga-6-0-43[0;0m
[0;0mGanga.ConfigUpdater                : INFO     Your ganga config file will be updated.[0;0m
[0;0mGanga.ConfigUpdater                : INFO     re-reading in old config for updating...[0;0m
[0;0mGanga.Utility.Config               : INFO     reading config file /var/lib/HappyFace3/.gangarc[0;0m
[0;0mGanga.ConfigUpdater                : INFO     Copied current config file to /var/lib/HappyFace3/.gangarc.00[0;0m
[0;0mGanga.ConfigUpdater                : INFO     Creating ganga config file /var/lib/HappyFace3/.gangarc[0;0m
[0;0mGanga.GPIDev.Lib.Job               : INFO     submitting job 0[0;0m
[0;0mGanga.GPIDev.Lib.Job               : INFO     job 0 status changed to "submitting"[0;0m
[0;0mGanga.GPIDev.Lib.File              : INFO     Preparing Executable application.[0;0m
[0;0mGanga.GPIDev.Lib.File              : INFO     Created shared directory: conf-17ae2c94-deca-49f9-a8e7-790560be2e78[0;0m
[0;0mGanga.GPIDev.Adapters              : INFO     Sending file object /bin/echo to shared directory[0;0m
[0;0mGanga.GPIDev.Lib.Job               : INFO     Splitting Job: 0[0;0m
[0;0mGanga.GPIDev.Lib.Job               : INFO     submitting 1 subjobs[0;0m
[0;0mGanga.GPIDev.Lib.File              : INFO     Submitting a prepared application; taking any input files from conf-17ae2c94-deca-49f9-a8e7-790560be2e78[0;0m
[0;33mGanga.Lib.LCG                      : WARNING  CREAM CE assigment from AtlasCREAMRequirements failed.[0;0m
[0;33mGanga.Lib.LCG                      : WARNING  preparing 1 subjobs ... it may take a while[0;0m
[0;0mGanga.GPIDev.Lib.Job               : INFO     job 0.0 status changed to "submitting"[0;0m
[0;33mGanga.Lib.LCG                      : WARNING  submitting 1 subjobs ... it may take a while[0;0m
[0;0mGanga.GPIDev.Lib.Job               : INFO     job 0.0 status changed to "submitted"[0;0m
[0;0mGanga.GPIDev.Lib.Job               : INFO     job 0 status changed to "submitted"[0;0m
[0;0mGanga.GPIDev.Lib.Job               : INFO     job 0 status changed to "submitted"[0;0m

*** Welcome to Ganga ***
Version: Ganga-6-0-43
Documentation and support: http://cern.ch/ganga
Type help() or help('index') for online help.

This is free software (GPL), and you are welcome to redistribute it
under certain conditions; type license() for details.


[0;0mGanga.Utility.Config               : INFO     reading config file /cvmfs/atlas.cern.ch/repo/ATLASLocalRootBase/x86_64/Ganga/6.0.43/install/6.0.43/python/GangaAtlas/Atlas.ini[0;0m
[0;0mGanga.Utility.Config               : INFO     reading config file /var/lib/HappyFace3/.gangarc[0;0m
[0;33mGanga.Utility                      : WARNING  Configuration of EDG for LCG: [0;0m
[0;33mGanga.Utility                      : WARNING  File not found: /afs/cern.ch/sw/ganga/install/config/grid_env_auto.sh[0;0m
[0;33mGanga.Utility                      : WARNING  Configuration of EDG for LCG: [0;0m
[0;33mGanga.Utility                      : WARNING  File not found: /afs/cern.ch/sw/ganga/install/config/grid_env_auto.sh[0;0m
[0;33mGanga.Utility.logging              : WARNING  ---------- error in user/extension code ----------[0;0m
[0;33mGanga.Utility.logging              : WARNING  Traceback (most recent call last):[0;0m
[0;33mGanga.Utility.logging              : WARNING    File "/cvmfs/atlas.cern.ch/repo/ATLASLocalRootBase/x86_64/Ganga/6.0.43/install/6.0.43/python/Ganga/Runtime/bootstrap.py", line 823, in bootstrap[0;0m
[0;33mGanga.Utility.logging              : WARNING      r.loadPlugins()[0;0m
[0;33mGanga.Utility.logging              : WARNING    File "/cvmfs/atlas.cern.ch/repo/ATLASLocalRootBase/x86_64/Ganga/6.0.43/install/6.0.43/python/Ganga/Utility/Runtime.py", line 157, in loadPlugins[0;0m
[0;33mGanga.Utility.logging              : WARNING      if g: g(self.config)[0;0m
[0;33mGanga.Utility.logging              : WARNING    File "/cvmfs/atlas.cern.ch/repo/ATLASLocalRootBase/x86_64/Ganga/6.0.43/install/6.0.43/python/GangaAtlas/__init__.py", line 114, in loadPlugins[0;0m
[0;33mGanga.Utility.logging              : WARNING      import Lib.Athena[0;0m
[0;33mGanga.Utility.logging              : WARNING    File "/cvmfs/atlas.cern.ch/repo/ATLASLocalRootBase/x86_64/Ganga/6.0.43/install/6.0.43/python/GangaAtlas/Lib/__init__.py", line 3, in <module>[0;0m
[0;33mGanga.Utility.logging              : WARNING      from ATLASDataset import *[0;0m
[0;33mGanga.Utility.logging              : WARNING    File "/cvmfs/atlas.cern.ch/repo/ATLASLocalRootBase/x86_64/Ganga/6.0.43/install/6.0.43/python/GangaAtlas/Lib/ATLASDataset/__init__.py", line 3, in <module>[0;0m
[0;33mGanga.Utility.logging              : WARNING      from DQ2Dataset import *[0;0m
[0;33mGanga.Utility.logging              : WARNING    File "/cvmfs/atlas.cern.ch/repo/ATLASLocalRootBase/x86_64/Ganga/6.0.43/install/6.0.43/python/GangaAtlas/Lib/ATLASDataset/DQ2Dataset.py", line 2113, in <module>[0;0m
[0;33mGanga.Utility.logging              : WARNING      nickname = getNickname(allowMissingNickname=False)[0;0m
[0;33mGanga.Utility.logging              : WARNING    File "/cvmfs/atlas.cern.ch/repo/ATLASLocalRootBase/x86_64/Ganga/6.0.43/install/6.0.43/python/GangaAtlas/Lib/Credentials/ProxyHelper.py", line 12, in getNickname[0;0m
[0;33mGanga.Utility.logging              : WARNING      output = gridProxy.info(opt = '-all')[0;0m
[0;33mGanga.Utility.logging              : WARNING    File "/cvmfs/atlas.cern.ch/repo/ATLASLocalRootBase/x86_64/Ganga/6.0.43/install/6.0.43/python/Ganga/GPIDev/Credentials/GridProxy.py", line 370, in info[0;0m
[0;33mGanga.Utility.logging              : WARNING      status, output, message = self.shell.cmd1\[0;0m
[0;33mGanga.Utility.logging              : WARNING  AttributeError: 'NoneType' object has no attribute 'cmd1'[0;0m
[0;33mGanga.Utility.logging              : WARNING  --------------------------------------------------[0;0m
[0;31mGanga.Runtime.bootstrap            : ERROR    problems with loading plugins for GangaAtlas -- ignored[0;0m

For help visit the ATLAS Distributed Analysis Help eGroup:
  https://groups.cern.ch/group/hn-atlas-dist-analysis-help/

[0;31mGanga.Utility.Config               : ERROR    unknown configuration section: [defaults_DQ2SandboxCache][0;0m
[0;31mGanga.Utility.Config               : ERROR    unknown configuration section: [defaults_Athena][0;0m
[0;31mGanga.Utility.Config               : ERROR    unknown configuration section: [defaults_AtlasLCGRequirements][0;0m
[0;0mGanga.GPIDev.Lib.Job               : INFO     submitting job 1[0;0m
[0;0mGanga.GPIDev.Lib.Job               : INFO     job 1 status changed to "submitting"[0;0m
[0;0mGanga.GPIDev.Lib.File              : INFO     Preparing Executable application.[0;0m
[0;0mGanga.GPIDev.Lib.File              : INFO     Created shared directory: conf-238837d7-85cf-4833-bd59-fd1cf7556c3c[0;0m
[0;0mGanga.GPIDev.Adapters              : INFO     Sending file object /bin/echo to shared directory[0;0m
[0;0mGanga.GPIDev.Lib.Job               : INFO     Splitting Job: 1[0;0m
[0;0mGanga.GPIDev.Lib.Job               : INFO     submitting 1 subjobs[0;0m
[0;0mGanga.GPIDev.Lib.File              : INFO     Submitting a prepared application; taking any input files from conf-238837d7-85cf-4833-bd59-fd1cf7556c3c[0;0m
[0;33mGanga.Lib.LCG                      : WARNING  CREAM CE assigment from AtlasCREAMRequirements failed.[0;0m
[0;33mGanga.Lib.LCG                      : WARNING  preparing 1 subjobs ... it may take a while[0;0m
[0;0mGanga.GPIDev.Lib.Job               : INFO     job 1.0 status changed to "submitting"[0;0m
[0;33mGanga.Lib.LCG                      : WARNING  submitting 1 subjobs ... it may take a while[0;0m
[0;0mGanga.GPIDev.Lib.Job               : INFO     job 1.0 status changed to "submitted"[0;0m
[0;0mGanga.GPIDev.Lib.Job               : INFO     job 1 status changed to "submitted"[0;0m
[0;0mGanga.GPIDev.Lib.Job               : INFO     job 1 status changed to "submitted"[0;0m

*** Welcome to Ganga ***
Version: Ganga-6-0-43
Documentation and support: http://cern.ch/ganga
Type help() or help('index') for online help.

This is free software (GPL), and you are welcome to redistribute it
under certain conditions; type license() for details.


[0;0mGanga.Utility.Config               : INFO     reading config file /cvmfs/atlas.cern.ch/repo/ATLASLocalRootBase/x86_64/Ganga/6.0.43/install/6.0.43/python/GangaAtlas/Atlas.ini[0;0m
[0;0mGanga.Utility.Config               : INFO     reading config file /var/lib/HappyFace3/.gangarc[0;0m
[0;33mGanga.Utility                      : WARNING  Configuration of EDG for LCG: [0;0m
[0;33mGanga.Utility                      : WARNING  File not found: /afs/cern.ch/sw/ganga/install/config/grid_env_auto.sh[0;0m
[0;33mGanga.Utility                      : WARNING  Configuration of EDG for LCG: [0;0m
[0;33mGanga.Utility                      : WARNING  File not found: /afs/cern.ch/sw/ganga/install/config/grid_env_auto.sh[0;0m
[0;33mGanga.Utility.logging              : WARNING  ---------- error in user/extension code ----------[0;0m
[0;33mGanga.Utility.logging              : WARNING  Traceback (most recent call last):[0;0m
[0;33mGanga.Utility.logging              : WARNING    File "/cvmfs/atlas.cern.ch/repo/ATLASLocalRootBase/x86_64/Ganga/6.0.43/install/6.0.43/python/Ganga/Runtime/bootstrap.py", line 823, in bootstrap[0;0m
[0;33mGanga.Utility.logging              : WARNING      r.loadPlugins()[0;0m
[0;33mGanga.Utility.logging              : WARNING    File "/cvmfs/atlas.cern.ch/repo/ATLASLocalRootBase/x86_64/Ganga/6.0.43/install/6.0.43/python/Ganga/Utility/Runtime.py", line 157, in loadPlugins[0;0m
[0;33mGanga.Utility.logging              : WARNING      if g: g(self.config)[0;0m
[0;33mGanga.Utility.logging              : WARNING    File "/cvmfs/atlas.cern.ch/repo/ATLASLocalRootBase/x86_64/Ganga/6.0.43/install/6.0.43/python/GangaAtlas/__init__.py", line 114, in loadPlugins[0;0m
[0;33mGanga.Utility.logging              : WARNING      import Lib.Athena[0;0m
[0;33mGanga.Utility.logging              : WARNING    File "/cvmfs/atlas.cern.ch/repo/ATLASLocalRootBase/x86_64/Ganga/6.0.43/install/6.0.43/python/GangaAtlas/Lib/__init__.py", line 3, in <module>[0;0m
[0;33mGanga.Utility.logging              : WARNING      from ATLASDataset import *[0;0m
[0;33mGanga.Utility.logging              : WARNING    File "/cvmfs/atlas.cern.ch/repo/ATLASLocalRootBase/x86_64/Ganga/6.0.43/install/6.0.43/python/GangaAtlas/Lib/ATLASDataset/__init__.py", line 3, in <module>[0;0m
[0;33mGanga.Utility.logging              : WARNING      from DQ2Dataset import *[0;0m
[0;33mGanga.Utility.logging              : WARNING    File "/cvmfs/atlas.cern.ch/repo/ATLASLocalRootBase/x86_64/Ganga/6.0.43/install/6.0.43/python/GangaAtlas/Lib/ATLASDataset/DQ2Dataset.py", line 2113, in <module>[0;0m
[0;33mGanga.Utility.logging              : WARNING      nickname = getNickname(allowMissingNickname=False)[0;0m
[0;33mGanga.Utility.logging              : WARNING    File "/cvmfs/atlas.cern.ch/repo/ATLASLocalRootBase/x86_64/Ganga/6.0.43/install/6.0.43/python/GangaAtlas/Lib/Credentials/ProxyHelper.py", line 12, in getNickname[0;0m
[0;33mGanga.Utility.logging              : WARNING      output = gridProxy.info(opt = '-all')[0;0m
[0;33mGanga.Utility.logging              : WARNING    File "/cvmfs/atlas.cern.ch/repo/ATLASLocalRootBase/x86_64/Ganga/6.0.43/install/6.0.43/python/Ganga/GPIDev/Credentials/GridProxy.py", line 370, in info[0;0m
[0;33mGanga.Utility.logging              : WARNING      status, output, message = self.shell.cmd1\[0;0m
[0;33mGanga.Utility.logging              : WARNING  AttributeError: 'NoneType' object has no attribute 'cmd1'[0;0m
[0;33mGanga.Utility.logging              : WARNING  --------------------------------------------------[0;0m
[0;31mGanga.Runtime.bootstrap            : ERROR    problems with loading plugins for GangaAtlas -- ignored[0;0m

For help visit the ATLAS Distributed Analysis Help eGroup:
  https://groups.cern.ch/group/hn-atlas-dist-analysis-help/

[0;31mGanga.Utility.Config               : ERROR    unknown configuration section: [defaults_DQ2SandboxCache][0;0m
[0;31mGanga.Utility.Config               : ERROR    unknown configuration section: [defaults_Athena][0;0m
[0;31mGanga.Utility.Config               : ERROR    unknown configuration section: [defaults_AtlasLCGRequirements][0;0m
[0;0mGanga.GPIDev.Lib.Job               : INFO     submitting job 2[0;0m
[0;0mGanga.GPIDev.Lib.Job               : INFO     job 2 status changed to "submitting"[0;0m
[0;0mGanga.GPIDev.Lib.File              : INFO     Preparing Executable application.[0;0m
[0;0mGanga.GPIDev.Lib.File              : INFO     Created shared directory: conf-e0265856-c910-4006-bfc4-2229f503c52f[0;0m
[0;0mGanga.GPIDev.Adapters              : INFO     Sending file object /bin/echo to shared directory[0;0m
[0;0mGanga.GPIDev.Lib.Job               : INFO     Splitting Job: 2[0;0m
[0;0mGanga.GPIDev.Lib.Job               : INFO     submitting 1 subjobs[0;0m
[0;0mGanga.GPIDev.Lib.File              : INFO     Submitting a prepared application; taking any input files from conf-e0265856-c910-4006-bfc4-2229f503c52f[0;0m
[0;33mGanga.Lib.LCG                      : WARNING  CREAM CE assigment from AtlasCREAMRequirements failed.[0;0m
[0;33mGanga.Lib.LCG                      : WARNING  preparing 1 subjobs ... it may take a while[0;0m
[0;0mGanga.GPIDev.Lib.Job               : INFO     job 2.0 status changed to "submitting"[0;0m
[0;33mGanga.Lib.LCG                      : WARNING  submitting 1 subjobs ... it may take a while[0;0m
[0;0mGanga.GPIDev.Lib.Job               : INFO     job 2.0 status changed to "submitted"[0;0m
[0;0mGanga.GPIDev.Lib.Job               : INFO     job 2 status changed to "submitted"[0;0m
[0;0mGanga.GPIDev.Lib.Job               : INFO     job 2 status changed to "submitted"[0;0m
